<?xml version="1.0" encoding="UTF-8"?>
<!-- Generated by org.testng.reporters.JUnitXMLReporter -->
<testsuite hostname="tol" name="Second" tests="13" failures="0" timestamp="16 Apr 2019 19:50:10 GMT" time="2.971" errors="0">
  <testcase name="deleteInvalideItemTest" time="0.938" classname="test.java.testStatus.DeleteItemTest"/>
  <testcase name="deleteItemTest" time="0.145" classname="test.java.testStatus.DeleteItemTest"/>
  <testcase name="updateInvalidDataTest" time="0.126" classname="test.java.testStatus.UpdateTaskTest"/>
  <testcase name="updateInvalideIdItemTest" time="0.151" classname="test.java.testStatus.UpdateTaskTest"/>
  <testcase name="updateItemTest" time="0.229" classname="test.java.testStatus.UpdateTaskTest"/>
  <testcase name="createInvalidItemTest" time="0.027" classname="test.java.testStatus.CreatingTaskTest"/>
  <testcase name="createInvalidStateTest" time="0.033" classname="test.java.testStatus.CreatingTaskTest"/>
  <testcase name="createItemTest" time="0.138" classname="test.java.testStatus.CreatingTaskTest"/>
  <testcase name="createWithEmptyBodyTest" time="0.044" classname="test.java.testStatus.CreatingTaskTest"/>
  <testcase name="getItemByIdTest" time="0.132" classname="test.java.testStatus.GettingTaskTest"/>
  <testcase name="getItemByInvalidIdTest" time="0.102" classname="test.java.testStatus.GettingTaskTest"/>
  <testcase name="getItemsTest" time="0.097" classname="test.java.testStatus.GettingTaskTest"/>
  <testcase name="getEmptyListItemsTest" time="0.14" classname="test.java.testStatus.GettingTaskTest"/>
</testsuite> <!-- Second -->
