<?xml version="1.0" encoding="UTF-8"?>
<!-- Generated by org.testng.reporters.JUnitXMLReporter -->
<testsuite hostname="tol" name="Second" tests="13" failures="0" timestamp="16 Apr 2019 17:11:18 GMT" time="2.215" errors="0">
  <testcase name="deleteInvalideItemTest" time="0.449" classname="test.java.testStatus.DeleteItemTest"/>
  <testcase name="deleteItemTest" time="0.132" classname="test.java.testStatus.DeleteItemTest"/>
  <testcase name="updateInvalidDataTest" time="0.105" classname="test.java.testStatus.UpdateTaskTest"/>
  <testcase name="updateInvalideIdItemTest" time="0.248" classname="test.java.testStatus.UpdateTaskTest"/>
  <testcase name="updateItemTest" time="0.25" classname="test.java.testStatus.UpdateTaskTest"/>
  <testcase name="createInvalidItemTest" time="0.033" classname="test.java.testStatus.CreatingTaskTest"/>
  <testcase name="createInvalidStateTest" time="0.03" classname="test.java.testStatus.CreatingTaskTest"/>
  <testcase name="createItemTest" time="0.148" classname="test.java.testStatus.CreatingTaskTest"/>
  <testcase name="createWithEmptyBodyTest" time="0.037" classname="test.java.testStatus.CreatingTaskTest"/>
  <testcase name="getItemByIdTest" time="0.093" classname="test.java.testStatus.GettingTaskTest"/>
  <testcase name="getItemByInvalidIdTest" time="0.081" classname="test.java.testStatus.GettingTaskTest"/>
  <testcase name="getItemsTest" time="0.084" classname="test.java.testStatus.GettingTaskTest"/>
  <testcase name="getEmptyListItemsTest" time="0.076" classname="test.java.testStatus.GettingTaskTest"/>
</testsuite> <!-- Second -->
